<?xml version="1.0" encoding="UTF-8"?>
<testng-results ignored="0" total="1" passed="1" failed="0" skipped="0">
  <reporter-output>
  </reporter-output>
  <suite started-at="2022-10-20T17:21:51 IST" name="Default suite" finished-at="2022-10-20T17:22:11 IST" duration-ms="19800">
    <groups>
    </groups>
    <test started-at="2022-10-20T17:21:51 IST" name="Default test" finished-at="2022-10-20T17:22:11 IST" duration-ms="19800">
      <class name="sdet.tests.LoginTest">
        <test-method is-config="true" signature="Setup()[pri:0, instance:sdet.tests.LoginTest@1af2d44a]" started-at="2022-10-20T17:21:51 IST" name="Setup" finished-at="2022-10-20T17:22:10 IST" duration-ms="18886" status="PASS">
          <reporter-output>
          </reporter-output>
        </test-method> <!-- Setup -->
        <test-method signature="ValidLogin()[pri:0, instance:sdet.tests.LoginTest@1af2d44a]" started-at="2022-10-20T17:22:10 IST" name="ValidLogin" finished-at="2022-10-20T17:22:10 IST" duration-ms="377" status="PASS">
          <reporter-output>
          </reporter-output>
        </test-method> <!-- ValidLogin -->
        <test-method is-config="true" signature="closeup()[pri:0, instance:sdet.tests.LoginTest@1af2d44a]" started-at="2022-10-20T17:22:10 IST" name="closeup" finished-at="2022-10-20T17:22:11 IST" duration-ms="452" status="PASS">
          <reporter-output>
          </reporter-output>
        </test-method> <!-- closeup -->
      </class> <!-- sdet.tests.LoginTest -->
    </test> <!-- Default test -->
  </suite> <!-- Default suite -->
</testng-results>
